<?xml version="1.0" encoding="UTF-8"?>
<coverage generated="1758271634569" clover="3.2.0">
  <project timestamp="1758271634569" name="All files">
    <metrics statements="164" coveredstatements="142" conditionals="53" coveredconditionals="49" methods="57" coveredmethods="42" elements="274" coveredelements="233" complexity="0" loc="164" ncloc="164" packages="2" files="15" classes="15"/>
    <package name="components">
      <metrics statements="145" coveredstatements="133" conditionals="53" coveredconditionals="49" methods="47" coveredmethods="42"/>
      <file name="Body.jsx" path="/Users/shruthikv/Documents/NodeJs/devTiner-web/devTinder-web/src/components/Body.jsx">
        <metrics statements="15" coveredstatements="15" conditionals="4" coveredconditionals="3" methods="4" coveredmethods="4"/>
        <line num="11" count="1" type="stmt"/>
        <line num="12" count="3" type="stmt"/>
        <line num="13" count="3" type="stmt"/>
        <line num="14" count="6" type="stmt"/>
        <line num="16" count="3" type="stmt"/>
        <line num="17" count="3" type="cond" truecount="1" falsecount="1"/>
        <line num="18" count="3" type="stmt"/>
        <line num="19" count="3" type="stmt"/>
        <line num="20" count="2" type="stmt"/>
        <line num="22" count="2" type="cond" truecount="2" falsecount="0"/>
        <line num="23" count="1" type="stmt"/>
        <line num="25" count="2" type="stmt"/>
        <line num="30" count="3" type="stmt"/>
        <line num="31" count="3" type="stmt"/>
        <line num="36" count="3" type="stmt"/>
      </file>
      <file name="Connections.jsx" path="/Users/shruthikv/Documents/NodeJs/devTiner-web/devTinder-web/src/components/Connections.jsx">
        <metrics statements="15" coveredstatements="14" conditionals="9" coveredconditionals="9" methods="5" coveredmethods="5"/>
        <line num="7" count="1" type="stmt"/>
        <line num="8" count="6" type="stmt"/>
        <line num="9" count="3" type="stmt"/>
        <line num="11" count="3" type="stmt"/>
        <line num="13" count="3" type="stmt"/>
        <line num="14" count="3" type="stmt"/>
        <line num="15" count="3" type="stmt"/>
        <line num="17" count="0" type="stmt"/>
        <line num="21" count="3" type="stmt"/>
        <line num="22" count="3" type="stmt"/>
        <line num="27" count="3" type="cond" truecount="2" falsecount="0"/>
        <line num="28" count="2" type="cond" truecount="2" falsecount="0"/>
        <line num="30" count="1" type="stmt"/>
        <line num="35" count="2" type="stmt"/>
        <line num="36" count="2" type="stmt"/>
      </file>
      <file name="EditProfile.jsx" path="/Users/shruthikv/Documents/NodeJs/devTiner-web/devTinder-web/src/components/EditProfile.jsx">
        <metrics statements="25" coveredstatements="20" conditionals="4" coveredconditionals="3" methods="8" coveredmethods="3"/>
        <line num="8" count="2" type="stmt"/>
        <line num="10" count="8" type="stmt"/>
        <line num="11" count="8" type="stmt"/>
        <line num="12" count="8" type="stmt"/>
        <line num="13" count="8" type="stmt"/>
        <line num="14" count="8" type="stmt"/>
        <line num="15" count="8" type="stmt"/>
        <line num="16" count="8" type="stmt"/>
        <line num="17" count="8" type="stmt"/>
        <line num="20" count="8" type="stmt"/>
        <line num="22" count="8" type="stmt"/>
        <line num="25" count="2" type="stmt"/>
        <line num="26" count="2" type="stmt"/>
        <line num="28" count="1" type="stmt"/>
        <line num="29" count="1" type="stmt"/>
        <line num="30" count="1" type="stmt"/>
        <line num="31" count="1" type="stmt"/>
        <line num="32" count="0" type="stmt"/>
        <line num="36" count="1" type="cond" truecount="1" falsecount="1"/>
        <line num="41" count="8" type="stmt"/>
        <line num="50" count="1" type="stmt"/>
        <line num="54" count="0" type="stmt"/>
        <line num="58" count="0" type="stmt"/>
        <line num="62" count="0" type="stmt"/>
        <line num="70" count="0" type="stmt"/>
      </file>
      <file name="Feed.jsx" path="/Users/shruthikv/Documents/NodeJs/devTiner-web/devTinder-web/src/components/Feed.jsx">
        <metrics statements="14" coveredstatements="13" conditionals="8" coveredconditionals="8" methods="4" coveredmethods="4"/>
        <line num="10" count="1" type="stmt"/>
        <line num="11" count="6" type="stmt"/>
        <line num="12" count="3" type="stmt"/>
        <line num="14" count="3" type="stmt"/>
        <line num="15" count="3" type="cond" truecount="2" falsecount="0"/>
        <line num="16" count="1" type="stmt"/>
        <line num="17" count="1" type="stmt"/>
        <line num="18" count="1" type="stmt"/>
        <line num="20" count="0" type="stmt"/>
        <line num="24" count="3" type="stmt"/>
        <line num="25" count="3" type="stmt"/>
        <line num="28" count="3" type="cond" truecount="2" falsecount="0"/>
        <line num="29" count="2" type="cond" truecount="2" falsecount="0"/>
        <line num="31" count="1" type="stmt"/>
      </file>
      <file name="Footer.jsx" path="/Users/shruthikv/Documents/NodeJs/devTiner-web/devTinder-web/src/components/Footer.jsx">
        <metrics statements="2" coveredstatements="2" conditionals="0" coveredconditionals="0" methods="1" coveredmethods="1"/>
        <line num="1" count="2" type="stmt"/>
        <line num="2" count="4" type="stmt"/>
      </file>
      <file name="Login.jsx" path="/Users/shruthikv/Documents/NodeJs/devTiner-web/devTinder-web/src/components/Login.jsx">
        <metrics statements="27" coveredstatements="26" conditionals="12" coveredconditionals="11" methods="8" coveredmethods="8"/>
        <line num="10" count="1" type="stmt"/>
        <line num="14" count="18" type="stmt"/>
        <line num="15" count="18" type="stmt"/>
        <line num="16" count="18" type="stmt"/>
        <line num="17" count="18" type="stmt"/>
        <line num="18" count="18" type="stmt"/>
        <line num="21" count="18" type="stmt"/>
        <line num="24" count="18" type="stmt"/>
        <line num="25" count="18" type="stmt"/>
        <line num="30" count="18" type="stmt"/>
        <line num="32" count="2" type="stmt"/>
        <line num="33" count="2" type="stmt"/>
        <line num="39" count="1" type="stmt"/>
        <line num="40" count="1" type="stmt"/>
        <line num="43" count="1" type="cond" truecount="1" falsecount="1"/>
        <line num="48" count="18" type="stmt"/>
        <line num="49" count="1" type="stmt"/>
        <line num="50" count="1" type="stmt"/>
        <line num="57" count="1" type="stmt"/>
        <line num="58" count="1" type="stmt"/>
        <line num="63" count="0" type="stmt"/>
        <line num="67" count="18" type="stmt"/>
        <line num="76" count="1" type="stmt"/>
        <line num="80" count="1" type="stmt"/>
        <line num="85" count="3" type="stmt"/>
        <line num="89" count="3" type="stmt"/>
        <line num="96" count="2" type="cond" truecount="2" falsecount="0"/>
      </file>
      <file name="NavBar.jsx" path="/Users/shruthikv/Documents/NodeJs/devTiner-web/devTinder-web/src/components/NavBar.jsx">
        <metrics statements="11" coveredstatements="10" conditionals="2" coveredconditionals="2" methods="3" coveredmethods="3"/>
        <line num="10" count="2" type="stmt"/>
        <line num="11" count="8" type="stmt"/>
        <line num="12" count="4" type="stmt"/>
        <line num="13" count="4" type="stmt"/>
        <line num="15" count="4" type="stmt"/>
        <line num="17" count="1" type="stmt"/>
        <line num="18" count="1" type="stmt"/>
        <line num="19" count="1" type="stmt"/>
        <line num="20" count="1" type="stmt"/>
        <line num="23" count="0" type="stmt"/>
        <line num="31" count="4" type="stmt"/>
      </file>
      <file name="Profile.jsx" path="/Users/shruthikv/Documents/NodeJs/devTiner-web/devTinder-web/src/components/Profile.jsx">
        <metrics statements="3" coveredstatements="3" conditionals="2" coveredconditionals="2" methods="2" coveredmethods="2"/>
        <line num="4" count="1" type="stmt"/>
        <line num="5" count="4" type="stmt"/>
        <line num="7" count="2" type="stmt"/>
      </file>
      <file name="Request.jsx" path="/Users/shruthikv/Documents/NodeJs/devTiner-web/devTinder-web/src/components/Request.jsx">
        <metrics statements="22" coveredstatements="20" conditionals="9" coveredconditionals="8" methods="8" coveredmethods="8"/>
        <line num="8" count="1" type="stmt"/>
        <line num="9" count="8" type="stmt"/>
        <line num="10" count="4" type="stmt"/>
        <line num="12" count="4" type="stmt"/>
        <line num="14" count="4" type="stmt"/>
        <line num="15" count="4" type="stmt"/>
        <line num="16" count="4" type="stmt"/>
        <line num="20" count="0" type="stmt"/>
        <line num="24" count="4" type="stmt"/>
        <line num="25" count="4" type="stmt"/>
        <line num="30" count="4" type="cond" truecount="2" falsecount="0"/>
        <line num="31" count="3" type="cond" truecount="2" falsecount="0"/>
        <line num="39" count="2" type="stmt"/>
        <line num="41" count="2" type="stmt"/>
        <line num="43" count="2" type="stmt"/>
        <line num="44" count="2" type="stmt"/>
        <line num="46" count="0" type="stmt"/>
        <line num="52" count="2" type="stmt"/>
        <line num="57" count="2" type="stmt"/>
        <line num="58" count="2" type="stmt"/>
        <line num="68" count="1" type="stmt"/>
        <line num="69" count="1" type="stmt"/>
      </file>
      <file name="UserCard.jsx" path="/Users/shruthikv/Documents/NodeJs/devTiner-web/devTinder-web/src/components/UserCard.jsx">
        <metrics statements="11" coveredstatements="10" conditionals="3" coveredconditionals="3" methods="4" coveredmethods="4"/>
        <line num="7" count="3" type="stmt"/>
        <line num="8" count="11" type="stmt"/>
        <line num="10" count="11" type="stmt"/>
        <line num="13" count="2" type="stmt"/>
        <line num="14" count="2" type="stmt"/>
        <line num="15" count="2" type="stmt"/>
        <line num="17" count="0" type="stmt"/>
        <line num="21" count="11" type="stmt"/>
        <line num="22" count="11" type="stmt"/>
        <line num="35" count="1" type="stmt"/>
        <line num="36" count="1" type="stmt"/>
      </file>
    </package>
    <package name="utils">
      <metrics statements="19" coveredstatements="9" conditionals="0" coveredconditionals="0" methods="10" coveredmethods="0"/>
      <file name="connectionSlice.js" path="/Users/shruthikv/Documents/NodeJs/devTiner-web/devTinder-web/src/utils/connectionSlice.js">
        <metrics statements="4" coveredstatements="2" conditionals="0" coveredconditionals="0" methods="2" coveredmethods="0"/>
        <line num="4" count="1" type="stmt"/>
        <line num="9" count="0" type="stmt"/>
        <line num="12" count="0" type="stmt"/>
        <line num="17" count="1" type="stmt"/>
      </file>
      <file name="constants.js" path="/Users/shruthikv/Documents/NodeJs/devTiner-web/devTinder-web/src/utils/constants.js">
        <metrics statements="1" coveredstatements="1" conditionals="0" coveredconditionals="0" methods="0" coveredmethods="0"/>
        <line num="1" count="9" type="stmt"/>
      </file>
      <file name="feedSlice.js" path="/Users/shruthikv/Documents/NodeJs/devTiner-web/devTinder-web/src/utils/feedSlice.js">
        <metrics statements="5" coveredstatements="2" conditionals="0" coveredconditionals="0" methods="3" coveredmethods="0"/>
        <line num="4" count="4" type="stmt"/>
        <line num="9" count="0" type="stmt"/>
        <line num="12" count="0" type="stmt"/>
        <line num="13" count="0" type="stmt"/>
        <line num="18" count="4" type="stmt"/>
      </file>
      <file name="requestSlice.js" path="/Users/shruthikv/Documents/NodeJs/devTiner-web/devTinder-web/src/utils/requestSlice.js">
        <metrics statements="5" coveredstatements="2" conditionals="0" coveredconditionals="0" methods="3" coveredmethods="0"/>
        <line num="4" count="1" type="stmt"/>
        <line num="9" count="0" type="stmt"/>
        <line num="12" count="0" type="stmt"/>
        <line num="13" count="0" type="stmt"/>
        <line num="18" count="1" type="stmt"/>
      </file>
      <file name="userSlice.js" path="/Users/shruthikv/Documents/NodeJs/devTiner-web/devTinder-web/src/utils/userSlice.js">
        <metrics statements="4" coveredstatements="2" conditionals="0" coveredconditionals="0" methods="2" coveredmethods="0"/>
        <line num="3" count="5" type="stmt"/>
        <line num="8" count="0" type="stmt"/>
        <line num="11" count="0" type="stmt"/>
        <line num="16" count="5" type="stmt"/>
      </file>
    </package>
  </project>
</coverage>
