{"/Users/shruthikv/Documents/NodeJs/devTiner-web/devTinder-web/src/components/Body.jsx": {"path":"/Users/shruthikv/Documents/NodeJs/devTiner-web/devTinder-web/src/components/Body.jsx","statementMap":{"0":{"start":{"line":11,"column":13},"end":{"line":43,"column":1}},"1":{"start":{"line":12,"column":21},"end":{"line":12,"column":34}},"2":{"start":{"line":13,"column":21},"end":{"line":13,"column":34}},"3":{"start":{"line":14,"column":21},"end":{"line":14,"column":55}},"4":{"start":{"line":14,"column":44},"end":{"line":14,"column":54}},"5":{"start":{"line":16,"column":22},"end":{"line":28,"column":5}},"6":{"start":{"line":17,"column":8},"end":{"line":17,"column":28}},"7":{"start":{"line":17,"column":21},"end":{"line":17,"column":28}},"8":{"start":{"line":18,"column":8},"end":{"line":27,"column":9}},"9":{"start":{"line":19,"column":24},"end":{"line":19,"column":94}},"10":{"start":{"line":20,"column":12},"end":{"line":20,"column":40}},"11":{"start":{"line":22,"column":12},"end":{"line":24,"column":13}},"12":{"start":{"line":23,"column":16},"end":{"line":23,"column":34}},"13":{"start":{"line":25,"column":12},"end":{"line":25,"column":30}},"14":{"start":{"line":30,"column":4},"end":{"line":33,"column":10}},"15":{"start":{"line":31,"column":12},"end":{"line":31,"column":23}},"16":{"start":{"line":36,"column":4},"end":{"line":42,"column":5}}},"fnMap":{"0":{"name":"(anonymous_0)","decl":{"start":{"line":11,"column":13},"end":{"line":11,"column":14}},"loc":{"start":{"line":11,"column":19},"end":{"line":43,"column":1}},"line":11},"1":{"name":"(anonymous_1)","decl":{"start":{"line":14,"column":33},"end":{"line":14,"column":34}},"loc":{"start":{"line":14,"column":44},"end":{"line":14,"column":54}},"line":14},"2":{"name":"(anonymous_2)","decl":{"start":{"line":16,"column":22},"end":{"line":16,"column":23}},"loc":{"start":{"line":16,"column":34},"end":{"line":28,"column":5}},"line":16},"3":{"name":"(anonymous_3)","decl":{"start":{"line":30,"column":14},"end":{"line":30,"column":15}},"loc":{"start":{"line":30,"column":20},"end":{"line":33,"column":5}},"line":30}},"branchMap":{"0":{"loc":{"start":{"line":17,"column":8},"end":{"line":17,"column":28}},"type":"if","locations":[{"start":{"line":17,"column":8},"end":{"line":17,"column":28}},{"start":{},"end":{}}],"line":17},"1":{"loc":{"start":{"line":22,"column":12},"end":{"line":24,"column":13}},"type":"if","locations":[{"start":{"line":22,"column":12},"end":{"line":24,"column":13}},{"start":{},"end":{}}],"line":22}},"s":{"0":1,"1":3,"2":3,"3":3,"4":6,"5":3,"6":3,"7":0,"8":3,"9":3,"10":2,"11":2,"12":1,"13":2,"14":3,"15":3,"16":3},"f":{"0":3,"1":6,"2":3,"3":3},"b":{"0":[0,3],"1":[1,1]},"_coverageSchema":"1a1c01bbd47fc00a2c39e90264f33305004495a9","hash":"a0d7b94c8fbec7b7579e4153648c3f6ee5cba937"}
,"/Users/shruthikv/Documents/NodeJs/devTiner-web/devTinder-web/src/components/Connections.jsx": {"path":"/Users/shruthikv/Documents/NodeJs/devTiner-web/devTinder-web/src/components/Connections.jsx","statementMap":{"0":{"start":{"line":7,"column":20},"end":{"line":54,"column":1}},"1":{"start":{"line":8,"column":23},"end":{"line":8,"column":63}},"2":{"start":{"line":8,"column":46},"end":{"line":8,"column":62}},"3":{"start":{"line":9,"column":21},"end":{"line":9,"column":34}},"4":{"start":{"line":11,"column":29},"end":{"line":19,"column":5}},"5":{"start":{"line":13,"column":8},"end":{"line":18,"column":9}},"6":{"start":{"line":14,"column":24},"end":{"line":14,"column":98}},"7":{"start":{"line":15,"column":12},"end":{"line":15,"column":53}},"8":{"start":{"line":17,"column":12},"end":{"line":17,"column":36}},"9":{"start":{"line":21,"column":4},"end":{"line":23,"column":10}},"10":{"start":{"line":22,"column":8},"end":{"line":22,"column":26}},"11":{"start":{"line":27,"column":4},"end":{"line":27,"column":28}},"12":{"start":{"line":27,"column":21},"end":{"line":27,"column":28}},"13":{"start":{"line":28,"column":4},"end":{"line":28,"column":70}},"14":{"start":{"line":28,"column":33},"end":{"line":28,"column":70}},"15":{"start":{"line":30,"column":4},"end":{"line":53,"column":5}},"16":{"start":{"line":35,"column":86},"end":{"line":35,"column":93}},"17":{"start":{"line":36,"column":20},"end":{"line":47,"column":21}}},"fnMap":{"0":{"name":"(anonymous_0)","decl":{"start":{"line":7,"column":20},"end":{"line":7,"column":21}},"loc":{"start":{"line":7,"column":26},"end":{"line":54,"column":1}},"line":7},"1":{"name":"(anonymous_1)","decl":{"start":{"line":8,"column":35},"end":{"line":8,"column":36}},"loc":{"start":{"line":8,"column":46},"end":{"line":8,"column":62}},"line":8},"2":{"name":"(anonymous_2)","decl":{"start":{"line":11,"column":29},"end":{"line":11,"column":30}},"loc":{"start":{"line":11,"column":41},"end":{"line":19,"column":5}},"line":11},"3":{"name":"(anonymous_3)","decl":{"start":{"line":21,"column":14},"end":{"line":21,"column":15}},"loc":{"start":{"line":21,"column":20},"end":{"line":23,"column":5}},"line":21},"4":{"name":"(anonymous_4)","decl":{"start":{"line":34,"column":31},"end":{"line":34,"column":32}},"loc":{"start":{"line":34,"column":44},"end":{"line":49,"column":17}},"line":34}},"branchMap":{"0":{"loc":{"start":{"line":27,"column":4},"end":{"line":27,"column":28}},"type":"if","locations":[{"start":{"line":27,"column":4},"end":{"line":27,"column":28}},{"start":{},"end":{}}],"line":27},"1":{"loc":{"start":{"line":28,"column":4},"end":{"line":28,"column":70}},"type":"if","locations":[{"start":{"line":28,"column":4},"end":{"line":28,"column":70}},{"start":{},"end":{}}],"line":28},"2":{"loc":{"start":{"line":38,"column":91},"end":{"line":38,"column":115}},"type":"cond-expr","locations":[{"start":{"line":38,"column":102},"end":{"line":38,"column":110}},{"start":{"line":38,"column":113},"end":{"line":38,"column":115}}],"line":38},"3":{"loc":{"start":{"line":42,"column":33},"end":{"line":42,"column":79}},"type":"binary-expr","locations":[{"start":{"line":42,"column":33},"end":{"line":42,"column":36}},{"start":{"line":42,"column":40},"end":{"line":42,"column":46}},{"start":{"line":42,"column":51},"end":{"line":42,"column":78}}],"line":42}},"s":{"0":1,"1":3,"2":6,"3":3,"4":3,"5":3,"6":3,"7":3,"8":0,"9":3,"10":3,"11":3,"12":1,"13":2,"14":1,"15":1,"16":2,"17":2},"f":{"0":3,"1":6,"2":3,"3":3,"4":2},"b":{"0":[1,2],"1":[1,1],"2":[1,1],"3":[2,2,2]},"_coverageSchema":"1a1c01bbd47fc00a2c39e90264f33305004495a9","hash":"cd9ee0433347233a163fa3b144d72ec80e10f89c"}
,"/Users/shruthikv/Documents/NodeJs/devTiner-web/devTinder-web/src/components/EditProfile.jsx": {"path":"/Users/shruthikv/Documents/NodeJs/devTiner-web/devTinder-web/src/components/EditProfile.jsx","statementMap":{"0":{"start":{"line":8,"column":20},"end":{"line":94,"column":1}},"1":{"start":{"line":10,"column":38},"end":{"line":10,"column":62}},"2":{"start":{"line":11,"column":36},"end":{"line":11,"column":59}},"3":{"start":{"line":12,"column":26},"end":{"line":12,"column":44}},"4":{"start":{"line":13,"column":32},"end":{"line":13,"column":53}},"5":{"start":{"line":14,"column":30},"end":{"line":14,"column":50}},"6":{"start":{"line":15,"column":36},"end":{"line":15,"column":59}},"7":{"start":{"line":16,"column":30},"end":{"line":16,"column":42}},"8":{"start":{"line":17,"column":38},"end":{"line":17,"column":53}},"9":{"start":{"line":20,"column":21},"end":{"line":20,"column":34}},"10":{"start":{"line":22,"column":24},"end":{"line":39,"column":5}},"11":{"start":{"line":25,"column":8},"end":{"line":37,"column":9}},"12":{"start":{"line":26,"column":24},"end":{"line":26,"column":151}},"13":{"start":{"line":28,"column":1},"end":{"line":28,"column":14}},"14":{"start":{"line":29,"column":12},"end":{"line":29,"column":46}},"15":{"start":{"line":30,"column":12},"end":{"line":30,"column":30}},"16":{"start":{"line":31,"column":12},"end":{"line":33,"column":20}},"17":{"start":{"line":32,"column":16},"end":{"line":32,"column":35}},"18":{"start":{"line":36,"column":12},"end":{"line":36,"column":67}},"19":{"start":{"line":41,"column":4},"end":{"line":93,"column":5}},"20":{"start":{"line":50,"column":86},"end":{"line":50,"column":114}},"21":{"start":{"line":54,"column":85},"end":{"line":54,"column":112}},"22":{"start":{"line":58,"column":80},"end":{"line":58,"column":102}},"23":{"start":{"line":62,"column":83},"end":{"line":62,"column":108}},"24":{"start":{"line":70,"column":85},"end":{"line":70,"column":112}}},"fnMap":{"0":{"name":"(anonymous_0)","decl":{"start":{"line":8,"column":20},"end":{"line":8,"column":21}},"loc":{"start":{"line":8,"column":34},"end":{"line":94,"column":1}},"line":8},"1":{"name":"(anonymous_1)","decl":{"start":{"line":22,"column":24},"end":{"line":22,"column":25}},"loc":{"start":{"line":22,"column":36},"end":{"line":39,"column":5}},"line":22},"2":{"name":"(anonymous_2)","decl":{"start":{"line":31,"column":23},"end":{"line":31,"column":24}},"loc":{"start":{"line":31,"column":27},"end":{"line":33,"column":13}},"line":31},"3":{"name":"(anonymous_3)","decl":{"start":{"line":50,"column":79},"end":{"line":50,"column":80}},"loc":{"start":{"line":50,"column":86},"end":{"line":50,"column":114}},"line":50},"4":{"name":"(anonymous_4)","decl":{"start":{"line":54,"column":78},"end":{"line":54,"column":79}},"loc":{"start":{"line":54,"column":85},"end":{"line":54,"column":112}},"line":54},"5":{"name":"(anonymous_5)","decl":{"start":{"line":58,"column":73},"end":{"line":58,"column":74}},"loc":{"start":{"line":58,"column":80},"end":{"line":58,"column":102}},"line":58},"6":{"name":"(anonymous_6)","decl":{"start":{"line":62,"column":76},"end":{"line":62,"column":77}},"loc":{"start":{"line":62,"column":83},"end":{"line":62,"column":108}},"line":62},"7":{"name":"(anonymous_7)","decl":{"start":{"line":70,"column":78},"end":{"line":70,"column":79}},"loc":{"start":{"line":70,"column":85},"end":{"line":70,"column":112}},"line":70}},"branchMap":{"0":{"loc":{"start":{"line":36,"column":21},"end":{"line":36,"column":66}},"type":"binary-expr","locations":[{"start":{"line":36,"column":21},"end":{"line":36,"column":40}},{"start":{"line":36,"column":44},"end":{"line":36,"column":66}}],"line":36},"1":{"loc":{"start":{"line":84,"column":13},"end":{"line":88,"column":18}},"type":"binary-expr","locations":[{"start":{"line":84,"column":13},"end":{"line":84,"column":22}},{"start":{"line":84,"column":26},"end":{"line":88,"column":18}}],"line":84}},"s":{"0":2,"1":8,"2":8,"3":8,"4":8,"5":8,"6":8,"7":8,"8":8,"9":8,"10":8,"11":2,"12":2,"13":1,"14":1,"15":1,"16":1,"17":0,"18":1,"19":8,"20":1,"21":0,"22":0,"23":0,"24":0},"f":{"0":8,"1":2,"2":0,"3":1,"4":0,"5":0,"6":0,"7":0},"b":{"0":[1,0],"1":[8,1]},"_coverageSchema":"1a1c01bbd47fc00a2c39e90264f33305004495a9","hash":"6e80eb30c9b2b861818d0c8d75102b61f81ea416"}
,"/Users/shruthikv/Documents/NodeJs/devTiner-web/devTinder-web/src/components/Feed.jsx": {"path":"/Users/shruthikv/Documents/NodeJs/devTiner-web/devTinder-web/src/components/Feed.jsx","statementMap":{"0":{"start":{"line":10,"column":13},"end":{"line":39,"column":1}},"1":{"start":{"line":11,"column":17},"end":{"line":11,"column":51}},"2":{"start":{"line":11,"column":40},"end":{"line":11,"column":50}},"3":{"start":{"line":12,"column":21},"end":{"line":12,"column":34}},"4":{"start":{"line":14,"column":23},"end":{"line":22,"column":5}},"5":{"start":{"line":15,"column":8},"end":{"line":15,"column":25}},"6":{"start":{"line":15,"column":18},"end":{"line":15,"column":25}},"7":{"start":{"line":16,"column":8},"end":{"line":21,"column":9}},"8":{"start":{"line":17,"column":24},"end":{"line":17,"column":86}},"9":{"start":{"line":18,"column":12},"end":{"line":18,"column":40}},"10":{"start":{"line":20,"column":12},"end":{"line":20,"column":28}},"11":{"start":{"line":24,"column":4},"end":{"line":26,"column":10}},"12":{"start":{"line":25,"column":8},"end":{"line":25,"column":20}},"13":{"start":{"line":28,"column":4},"end":{"line":28,"column":21}},"14":{"start":{"line":28,"column":14},"end":{"line":28,"column":21}},"15":{"start":{"line":29,"column":4},"end":{"line":29,"column":97}},"16":{"start":{"line":29,"column":25},"end":{"line":29,"column":97}},"17":{"start":{"line":31,"column":4},"end":{"line":38,"column":5}}},"fnMap":{"0":{"name":"(anonymous_0)","decl":{"start":{"line":10,"column":13},"end":{"line":10,"column":14}},"loc":{"start":{"line":10,"column":19},"end":{"line":39,"column":1}},"line":10},"1":{"name":"(anonymous_1)","decl":{"start":{"line":11,"column":29},"end":{"line":11,"column":30}},"loc":{"start":{"line":11,"column":40},"end":{"line":11,"column":50}},"line":11},"2":{"name":"(anonymous_2)","decl":{"start":{"line":14,"column":23},"end":{"line":14,"column":24}},"loc":{"start":{"line":14,"column":35},"end":{"line":22,"column":5}},"line":14},"3":{"name":"(anonymous_3)","decl":{"start":{"line":24,"column":14},"end":{"line":24,"column":15}},"loc":{"start":{"line":24,"column":20},"end":{"line":26,"column":5}},"line":24}},"branchMap":{"0":{"loc":{"start":{"line":15,"column":8},"end":{"line":15,"column":25}},"type":"if","locations":[{"start":{"line":15,"column":8},"end":{"line":15,"column":25}},{"start":{},"end":{}}],"line":15},"1":{"loc":{"start":{"line":28,"column":4},"end":{"line":28,"column":21}},"type":"if","locations":[{"start":{"line":28,"column":4},"end":{"line":28,"column":21}},{"start":{},"end":{}}],"line":28},"2":{"loc":{"start":{"line":29,"column":4},"end":{"line":29,"column":97}},"type":"if","locations":[{"start":{"line":29,"column":4},"end":{"line":29,"column":97}},{"start":{},"end":{}}],"line":29},"3":{"loc":{"start":{"line":32,"column":8},"end":{"line":36,"column":9}},"type":"binary-expr","locations":[{"start":{"line":32,"column":8},"end":{"line":32,"column":12}},{"start":{"line":33,"column":12},"end":{"line":35,"column":18}}],"line":32}},"s":{"0":1,"1":3,"2":6,"3":3,"4":3,"5":3,"6":2,"7":1,"8":1,"9":1,"10":0,"11":3,"12":3,"13":3,"14":1,"15":2,"16":1,"17":1},"f":{"0":3,"1":6,"2":3,"3":3},"b":{"0":[2,1],"1":[1,2],"2":[1,1],"3":[1,1]},"_coverageSchema":"1a1c01bbd47fc00a2c39e90264f33305004495a9","hash":"2d6123dd4682627cf157fb8228b22835014f38a6"}
,"/Users/shruthikv/Documents/NodeJs/devTiner-web/devTinder-web/src/components/Footer.jsx": {"path":"/Users/shruthikv/Documents/NodeJs/devTiner-web/devTinder-web/src/components/Footer.jsx","statementMap":{"0":{"start":{"line":1,"column":15},"end":{"line":57,"column":1}},"1":{"start":{"line":2,"column":4},"end":{"line":56,"column":5}}},"fnMap":{"0":{"name":"(anonymous_0)","decl":{"start":{"line":1,"column":15},"end":{"line":1,"column":16}},"loc":{"start":{"line":1,"column":21},"end":{"line":57,"column":1}},"line":1}},"branchMap":{},"s":{"0":2,"1":4},"f":{"0":4},"b":{},"_coverageSchema":"1a1c01bbd47fc00a2c39e90264f33305004495a9","hash":"b8e9f85386dbe0357e441742ea917e38242d19bd"}
,"/Users/shruthikv/Documents/NodeJs/devTiner-web/devTinder-web/src/components/Login.jsx": {"path":"/Users/shruthikv/Documents/NodeJs/devTiner-web/devTinder-web/src/components/Login.jsx","statementMap":{"0":{"start":{"line":10,"column":14},"end":{"line":101,"column":1}},"1":{"start":{"line":14,"column":30},"end":{"line":14,"column":42}},"2":{"start":{"line":15,"column":36},"end":{"line":15,"column":48}},"3":{"start":{"line":16,"column":38},"end":{"line":16,"column":50}},"4":{"start":{"line":17,"column":36},"end":{"line":17,"column":48}},"5":{"start":{"line":18,"column":38},"end":{"line":18,"column":52}},"6":{"start":{"line":21,"column":30},"end":{"line":21,"column":42}},"7":{"start":{"line":24,"column":21},"end":{"line":24,"column":34}},"8":{"start":{"line":25,"column":21},"end":{"line":25,"column":34}},"9":{"start":{"line":30,"column":25},"end":{"line":46,"column":5}},"10":{"start":{"line":32,"column":8},"end":{"line":44,"column":9}},"11":{"start":{"line":33,"column":24},"end":{"line":36,"column":41}},"12":{"start":{"line":39,"column":12},"end":{"line":39,"column":39}},"13":{"start":{"line":40,"column":12},"end":{"line":40,"column":25}},"14":{"start":{"line":43,"column":12},"end":{"line":43,"column":67}},"15":{"start":{"line":48,"column":25},"end":{"line":65,"column":5}},"16":{"start":{"line":49,"column":8},"end":{"line":64,"column":9}},"17":{"start":{"line":50,"column":24},"end":{"line":54,"column":41}},"18":{"start":{"line":57,"column":13},"end":{"line":57,"column":47}},"19":{"start":{"line":58,"column":13},"end":{"line":58,"column":33}},"20":{"start":{"line":63,"column":12},"end":{"line":63,"column":36}},"21":{"start":{"line":67,"column":4},"end":{"line":100,"column":5}},"22":{"start":{"line":76,"column":110},"end":{"line":76,"column":138}},"23":{"start":{"line":80,"column":110},"end":{"line":80,"column":137}},"24":{"start":{"line":85,"column":94},"end":{"line":85,"column":118}},"25":{"start":{"line":89,"column":104},"end":{"line":89,"column":131}},"26":{"start":{"line":96,"column":74},"end":{"line":96,"column":98}}},"fnMap":{"0":{"name":"(anonymous_0)","decl":{"start":{"line":10,"column":14},"end":{"line":10,"column":15}},"loc":{"start":{"line":10,"column":20},"end":{"line":101,"column":1}},"line":10},"1":{"name":"(anonymous_1)","decl":{"start":{"line":30,"column":25},"end":{"line":30,"column":26}},"loc":{"start":{"line":30,"column":37},"end":{"line":46,"column":5}},"line":30},"2":{"name":"(anonymous_2)","decl":{"start":{"line":48,"column":25},"end":{"line":48,"column":26}},"loc":{"start":{"line":48,"column":37},"end":{"line":65,"column":5}},"line":48},"3":{"name":"(anonymous_3)","decl":{"start":{"line":76,"column":103},"end":{"line":76,"column":104}},"loc":{"start":{"line":76,"column":110},"end":{"line":76,"column":138}},"line":76},"4":{"name":"(anonymous_4)","decl":{"start":{"line":80,"column":103},"end":{"line":80,"column":104}},"loc":{"start":{"line":80,"column":110},"end":{"line":80,"column":137}},"line":80},"5":{"name":"(anonymous_5)","decl":{"start":{"line":85,"column":87},"end":{"line":85,"column":88}},"loc":{"start":{"line":85,"column":94},"end":{"line":85,"column":118}},"line":85},"6":{"name":"(anonymous_6)","decl":{"start":{"line":89,"column":97},"end":{"line":89,"column":98}},"loc":{"start":{"line":89,"column":104},"end":{"line":89,"column":131}},"line":89},"7":{"name":"(anonymous_7)","decl":{"start":{"line":96,"column":68},"end":{"line":96,"column":69}},"loc":{"start":{"line":96,"column":74},"end":{"line":96,"column":98}},"line":96}},"branchMap":{"0":{"loc":{"start":{"line":43,"column":21},"end":{"line":43,"column":66}},"type":"binary-expr","locations":[{"start":{"line":43,"column":21},"end":{"line":43,"column":40}},{"start":{"line":43,"column":44},"end":{"line":43,"column":66}}],"line":43},"1":{"loc":{"start":{"line":70,"column":56},"end":{"line":70,"column":85}},"type":"cond-expr","locations":[{"start":{"line":70,"column":66},"end":{"line":70,"column":73}},{"start":{"line":70,"column":76},"end":{"line":70,"column":85}}],"line":70},"2":{"loc":{"start":{"line":72,"column":21},"end":{"line":82,"column":27}},"type":"binary-expr","locations":[{"start":{"line":72,"column":21},"end":{"line":72,"column":29}},{"start":{"line":73,"column":24},"end":{"line":82,"column":27}}],"line":72},"3":{"loc":{"start":{"line":94,"column":61},"end":{"line":94,"column":98}},"type":"cond-expr","locations":[{"start":{"line":94,"column":71},"end":{"line":94,"column":83}},{"start":{"line":94,"column":86},"end":{"line":94,"column":98}}],"line":94},"4":{"loc":{"start":{"line":94,"column":101},"end":{"line":94,"column":130}},"type":"cond-expr","locations":[{"start":{"line":94,"column":111},"end":{"line":94,"column":118}},{"start":{"line":94,"column":121},"end":{"line":94,"column":130}}],"line":94},"5":{"loc":{"start":{"line":96,"column":101},"end":{"line":96,"column":168}},"type":"cond-expr","locations":[{"start":{"line":96,"column":112},"end":{"line":96,"column":137}},{"start":{"line":96,"column":140},"end":{"line":96,"column":168}}],"line":96}},"s":{"0":1,"1":18,"2":18,"3":18,"4":18,"5":18,"6":18,"7":18,"8":18,"9":18,"10":2,"11":2,"12":1,"13":1,"14":1,"15":18,"16":1,"17":1,"18":1,"19":1,"20":0,"21":18,"22":1,"23":1,"24":3,"25":3,"26":2},"f":{"0":18,"1":2,"2":1,"3":1,"4":1,"5":3,"6":3,"7":2},"b":{"0":[1,0],"1":[11,7],"2":[18,7],"3":[11,7],"4":[11,7],"5":[7,11]},"_coverageSchema":"1a1c01bbd47fc00a2c39e90264f33305004495a9","hash":"55147b91e33a73ebdf5740c9ef50446a7e30b3ef"}
,"/Users/shruthikv/Documents/NodeJs/devTiner-web/devTinder-web/src/components/NavBar.jsx": {"path":"/Users/shruthikv/Documents/NodeJs/devTiner-web/devTinder-web/src/components/NavBar.jsx","statementMap":{"0":{"start":{"line":10,"column":15},"end":{"line":68,"column":1}},"1":{"start":{"line":11,"column":15},"end":{"line":11,"column":49}},"2":{"start":{"line":11,"column":38},"end":{"line":11,"column":48}},"3":{"start":{"line":12,"column":23},"end":{"line":12,"column":36}},"4":{"start":{"line":13,"column":25},"end":{"line":13,"column":38}},"5":{"start":{"line":15,"column":23},"end":{"line":27,"column":3}},"6":{"start":{"line":17,"column":4},"end":{"line":25,"column":5}},"7":{"start":{"line":18,"column":18},"end":{"line":18,"column":83}},"8":{"start":{"line":19,"column":6},"end":{"line":19,"column":29}},"9":{"start":{"line":20,"column":8},"end":{"line":20,"column":26}},"10":{"start":{"line":23,"column":6},"end":{"line":23,"column":25}},"11":{"start":{"line":31,"column":2},"end":{"line":67,"column":3}}},"fnMap":{"0":{"name":"(anonymous_0)","decl":{"start":{"line":10,"column":15},"end":{"line":10,"column":16}},"loc":{"start":{"line":10,"column":21},"end":{"line":68,"column":1}},"line":10},"1":{"name":"(anonymous_1)","decl":{"start":{"line":11,"column":27},"end":{"line":11,"column":28}},"loc":{"start":{"line":11,"column":38},"end":{"line":11,"column":48}},"line":11},"2":{"name":"(anonymous_2)","decl":{"start":{"line":15,"column":23},"end":{"line":15,"column":24}},"loc":{"start":{"line":15,"column":33},"end":{"line":27,"column":3}},"line":15}},"branchMap":{"0":{"loc":{"start":{"line":37,"column":9},"end":{"line":63,"column":16}},"type":"binary-expr","locations":[{"start":{"line":37,"column":9},"end":{"line":37,"column":13}},{"start":{"line":38,"column":10},"end":{"line":63,"column":16}}],"line":37}},"s":{"0":2,"1":4,"2":8,"3":4,"4":4,"5":4,"6":1,"7":1,"8":1,"9":1,"10":0,"11":4},"f":{"0":4,"1":8,"2":1},"b":{"0":[4,1]},"_coverageSchema":"1a1c01bbd47fc00a2c39e90264f33305004495a9","hash":"9e75f95f1a856723a988ce5e6d60daa7e8001368"}
,"/Users/shruthikv/Documents/NodeJs/devTiner-web/devTinder-web/src/components/Profile.jsx": {"path":"/Users/shruthikv/Documents/NodeJs/devTiner-web/devTinder-web/src/components/Profile.jsx","statementMap":{"0":{"start":{"line":4,"column":16},"end":{"line":11,"column":1}},"1":{"start":{"line":5,"column":17},"end":{"line":5,"column":51}},"2":{"start":{"line":5,"column":40},"end":{"line":5,"column":50}},"3":{"start":{"line":7,"column":4},"end":{"line":10,"column":5}}},"fnMap":{"0":{"name":"(anonymous_0)","decl":{"start":{"line":4,"column":16},"end":{"line":4,"column":17}},"loc":{"start":{"line":4,"column":21},"end":{"line":11,"column":1}},"line":4},"1":{"name":"(anonymous_1)","decl":{"start":{"line":5,"column":29},"end":{"line":5,"column":30}},"loc":{"start":{"line":5,"column":40},"end":{"line":5,"column":50}},"line":5}},"branchMap":{"0":{"loc":{"start":{"line":8,"column":8},"end":{"line":8,"column":44}},"type":"binary-expr","locations":[{"start":{"line":8,"column":8},"end":{"line":8,"column":12}},{"start":{"line":8,"column":17},"end":{"line":8,"column":43}}],"line":8}},"s":{"0":1,"1":2,"2":4,"3":2},"f":{"0":2,"1":4},"b":{"0":[2,1]},"_coverageSchema":"1a1c01bbd47fc00a2c39e90264f33305004495a9","hash":"5c1a173c5e8a33bd88cd4daf1a3bf014c542a13a"}
,"/Users/shruthikv/Documents/NodeJs/devTiner-web/devTinder-web/src/components/Request.jsx": {"path":"/Users/shruthikv/Documents/NodeJs/devTiner-web/devTinder-web/src/components/Request.jsx","statementMap":{"0":{"start":{"line":8,"column":16},"end":{"line":82,"column":1}},"1":{"start":{"line":9,"column":21},"end":{"line":9,"column":58}},"2":{"start":{"line":9,"column":44},"end":{"line":9,"column":57}},"3":{"start":{"line":10,"column":21},"end":{"line":10,"column":34}},"4":{"start":{"line":12,"column":25},"end":{"line":22,"column":5}},"5":{"start":{"line":14,"column":8},"end":{"line":21,"column":9}},"6":{"start":{"line":15,"column":24},"end":{"line":15,"column":104}},"7":{"start":{"line":16,"column":12},"end":{"line":16,"column":50}},"8":{"start":{"line":20,"column":12},"end":{"line":20,"column":36}},"9":{"start":{"line":24,"column":4},"end":{"line":26,"column":10}},"10":{"start":{"line":25,"column":8},"end":{"line":25,"column":22}},"11":{"start":{"line":30,"column":4},"end":{"line":30,"column":26}},"12":{"start":{"line":30,"column":19},"end":{"line":30,"column":26}},"13":{"start":{"line":31,"column":4},"end":{"line":31,"column":66}},"14":{"start":{"line":31,"column":31},"end":{"line":31,"column":66}},"15":{"start":{"line":39,"column":26},"end":{"line":48,"column":5}},"16":{"start":{"line":41,"column":8},"end":{"line":47,"column":9}},"17":{"start":{"line":43,"column":23},"end":{"line":43,"column":123}},"18":{"start":{"line":44,"column":12},"end":{"line":44,"column":42}},"19":{"start":{"line":46,"column":12},"end":{"line":46,"column":36}},"20":{"start":{"line":52,"column":4},"end":{"line":81,"column":5}},"21":{"start":{"line":57,"column":86},"end":{"line":57,"column":104}},"22":{"start":{"line":58,"column":20},"end":{"line":75,"column":21}},"23":{"start":{"line":68,"column":86},"end":{"line":68,"column":124}},"24":{"start":{"line":69,"column":89},"end":{"line":69,"column":127}}},"fnMap":{"0":{"name":"(anonymous_0)","decl":{"start":{"line":8,"column":16},"end":{"line":8,"column":17}},"loc":{"start":{"line":8,"column":22},"end":{"line":82,"column":1}},"line":8},"1":{"name":"(anonymous_1)","decl":{"start":{"line":9,"column":33},"end":{"line":9,"column":34}},"loc":{"start":{"line":9,"column":44},"end":{"line":9,"column":57}},"line":9},"2":{"name":"(anonymous_2)","decl":{"start":{"line":12,"column":25},"end":{"line":12,"column":26}},"loc":{"start":{"line":12,"column":37},"end":{"line":22,"column":5}},"line":12},"3":{"name":"(anonymous_3)","decl":{"start":{"line":24,"column":14},"end":{"line":24,"column":15}},"loc":{"start":{"line":24,"column":20},"end":{"line":26,"column":5}},"line":24},"4":{"name":"(anonymous_4)","decl":{"start":{"line":39,"column":26},"end":{"line":39,"column":27}},"loc":{"start":{"line":39,"column":46},"end":{"line":48,"column":5}},"line":39},"5":{"name":"(anonymous_5)","decl":{"start":{"line":56,"column":29},"end":{"line":56,"column":30}},"loc":{"start":{"line":56,"column":42},"end":{"line":77,"column":17}},"line":56},"6":{"name":"(anonymous_6)","decl":{"start":{"line":68,"column":82},"end":{"line":68,"column":83}},"loc":{"start":{"line":68,"column":86},"end":{"line":68,"column":124}},"line":68},"7":{"name":"(anonymous_7)","decl":{"start":{"line":69,"column":84},"end":{"line":69,"column":85}},"loc":{"start":{"line":69,"column":89},"end":{"line":69,"column":127}},"line":69}},"branchMap":{"0":{"loc":{"start":{"line":30,"column":4},"end":{"line":30,"column":26}},"type":"if","locations":[{"start":{"line":30,"column":4},"end":{"line":30,"column":26}},{"start":{},"end":{}}],"line":30},"1":{"loc":{"start":{"line":31,"column":4},"end":{"line":31,"column":66}},"type":"if","locations":[{"start":{"line":31,"column":4},"end":{"line":31,"column":66}},{"start":{},"end":{}}],"line":31},"2":{"loc":{"start":{"line":60,"column":91},"end":{"line":60,"column":115}},"type":"cond-expr","locations":[{"start":{"line":60,"column":102},"end":{"line":60,"column":110}},{"start":{"line":60,"column":113},"end":{"line":60,"column":115}}],"line":60},"3":{"loc":{"start":{"line":64,"column":33},"end":{"line":64,"column":79}},"type":"binary-expr","locations":[{"start":{"line":64,"column":33},"end":{"line":64,"column":36}},{"start":{"line":64,"column":40},"end":{"line":64,"column":46}},{"start":{"line":64,"column":51},"end":{"line":64,"column":78}}],"line":64}},"s":{"0":1,"1":4,"2":8,"3":4,"4":4,"5":4,"6":4,"7":4,"8":0,"9":4,"10":4,"11":4,"12":1,"13":3,"14":1,"15":2,"16":2,"17":2,"18":2,"19":0,"20":2,"21":2,"22":2,"23":1,"24":1},"f":{"0":4,"1":8,"2":4,"3":4,"4":2,"5":2,"6":1,"7":1},"b":{"0":[1,3],"1":[1,2],"2":[0,2],"3":[2,2,2]},"_coverageSchema":"1a1c01bbd47fc00a2c39e90264f33305004495a9","hash":"37788d4a8c8aceedc7f1830049f877802038e87d"}
,"/Users/shruthikv/Documents/NodeJs/devTiner-web/devTinder-web/src/components/UserCard.jsx": {"path":"/Users/shruthikv/Documents/NodeJs/devTiner-web/devTinder-web/src/components/UserCard.jsx","statementMap":{"0":{"start":{"line":7,"column":17},"end":{"line":42,"column":1}},"1":{"start":{"line":8,"column":22},"end":{"line":8,"column":35}},"2":{"start":{"line":10,"column":30},"end":{"line":19,"column":5}},"3":{"start":{"line":13,"column":8},"end":{"line":18,"column":9}},"4":{"start":{"line":14,"column":24},"end":{"line":14,"column":122}},"5":{"start":{"line":15,"column":13},"end":{"line":15,"column":48}},"6":{"start":{"line":17,"column":12},"end":{"line":17,"column":36}},"7":{"start":{"line":21,"column":59},"end":{"line":21,"column":63}},"8":{"start":{"line":22,"column":4},"end":{"line":41,"column":5}},"9":{"start":{"line":35,"column":74},"end":{"line":35,"column":106}},"10":{"start":{"line":36,"column":77},"end":{"line":36,"column":112}}},"fnMap":{"0":{"name":"(anonymous_0)","decl":{"start":{"line":7,"column":17},"end":{"line":7,"column":18}},"loc":{"start":{"line":7,"column":29},"end":{"line":42,"column":1}},"line":7},"1":{"name":"(anonymous_1)","decl":{"start":{"line":10,"column":30},"end":{"line":10,"column":31}},"loc":{"start":{"line":10,"column":51},"end":{"line":19,"column":5}},"line":10},"2":{"name":"(anonymous_2)","decl":{"start":{"line":35,"column":69},"end":{"line":35,"column":70}},"loc":{"start":{"line":35,"column":74},"end":{"line":35,"column":106}},"line":35},"3":{"name":"(anonymous_3)","decl":{"start":{"line":36,"column":72},"end":{"line":36,"column":73}},"loc":{"start":{"line":36,"column":77},"end":{"line":36,"column":112}},"line":36}},"branchMap":{"0":{"loc":{"start":{"line":32,"column":21},"end":{"line":32,"column":65}},"type":"binary-expr","locations":[{"start":{"line":32,"column":21},"end":{"line":32,"column":24}},{"start":{"line":32,"column":28},"end":{"line":32,"column":34}},{"start":{"line":32,"column":38},"end":{"line":32,"column":65}}],"line":32}},"s":{"0":3,"1":11,"2":11,"3":2,"4":2,"5":2,"6":0,"7":11,"8":11,"9":1,"10":1},"f":{"0":11,"1":2,"2":1,"3":1},"b":{"0":[11,10,10]},"_coverageSchema":"1a1c01bbd47fc00a2c39e90264f33305004495a9","hash":"7965bbe41a0e10991a7139a9792f247c464b3042"}
,"/Users/shruthikv/Documents/NodeJs/devTiner-web/devTinder-web/src/utils/connectionSlice.js": {"path":"/Users/shruthikv/Documents/NodeJs/devTiner-web/devTinder-web/src/utils/connectionSlice.js","statementMap":{"0":{"start":{"line":4,"column":24},"end":{"line":15,"column":2}},"1":{"start":{"line":9,"column":12},"end":{"line":9,"column":33}},"2":{"start":{"line":12,"column":12},"end":{"line":12,"column":23}},"3":{"start":{"line":17,"column":49},"end":{"line":17,"column":72}}},"fnMap":{"0":{"name":"(anonymous_0)","decl":{"start":{"line":8,"column":24},"end":{"line":8,"column":25}},"loc":{"start":{"line":8,"column":43},"end":{"line":10,"column":9}},"line":8},"1":{"name":"(anonymous_1)","decl":{"start":{"line":11,"column":27},"end":{"line":11,"column":28}},"loc":{"start":{"line":11,"column":45},"end":{"line":13,"column":9}},"line":11}},"branchMap":{},"s":{"0":1,"1":0,"2":0,"3":1},"f":{"0":0,"1":0},"b":{},"_coverageSchema":"1a1c01bbd47fc00a2c39e90264f33305004495a9","hash":"928a2e59b907fdbefb744a93de137b64968c3bae"}
,"/Users/shruthikv/Documents/NodeJs/devTiner-web/devTinder-web/src/utils/constants.js": {"path":"/Users/shruthikv/Documents/NodeJs/devTiner-web/devTinder-web/src/utils/constants.js","statementMap":{"0":{"start":{"line":1,"column":24},"end":{"line":1,"column":30}}},"fnMap":{},"branchMap":{},"s":{"0":9},"f":{},"b":{},"_coverageSchema":"1a1c01bbd47fc00a2c39e90264f33305004495a9","hash":"634b595a070009753dd1172c9b7b9510b038c080"}
,"/Users/shruthikv/Documents/NodeJs/devTiner-web/devTinder-web/src/utils/feedSlice.js": {"path":"/Users/shruthikv/Documents/NodeJs/devTiner-web/devTinder-web/src/utils/feedSlice.js","statementMap":{"0":{"start":{"line":4,"column":18},"end":{"line":16,"column":2}},"1":{"start":{"line":9,"column":12},"end":{"line":9,"column":33}},"2":{"start":{"line":12,"column":28},"end":{"line":12,"column":80}},"3":{"start":{"line":12,"column":52},"end":{"line":12,"column":79}},"4":{"start":{"line":13,"column":12},"end":{"line":13,"column":27}},"5":{"start":{"line":18,"column":44},"end":{"line":18,"column":61}}},"fnMap":{"0":{"name":"(anonymous_0)","decl":{"start":{"line":8,"column":17},"end":{"line":8,"column":18}},"loc":{"start":{"line":8,"column":33},"end":{"line":10,"column":9}},"line":8},"1":{"name":"(anonymous_1)","decl":{"start":{"line":11,"column":29},"end":{"line":11,"column":30}},"loc":{"start":{"line":11,"column":48},"end":{"line":14,"column":9}},"line":11},"2":{"name":"(anonymous_2)","decl":{"start":{"line":12,"column":42},"end":{"line":12,"column":43}},"loc":{"start":{"line":12,"column":52},"end":{"line":12,"column":79}},"line":12}},"branchMap":{},"s":{"0":4,"1":0,"2":0,"3":0,"4":0,"5":4},"f":{"0":0,"1":0,"2":0},"b":{},"_coverageSchema":"1a1c01bbd47fc00a2c39e90264f33305004495a9","hash":"584afea5810902f60de9bde25552e9bd3b946582"}
,"/Users/shruthikv/Documents/NodeJs/devTiner-web/devTinder-web/src/utils/requestSlice.js": {"path":"/Users/shruthikv/Documents/NodeJs/devTiner-web/devTinder-web/src/utils/requestSlice.js","statementMap":{"0":{"start":{"line":4,"column":21},"end":{"line":16,"column":2}},"1":{"start":{"line":9,"column":12},"end":{"line":9,"column":33}},"2":{"start":{"line":12,"column":29},"end":{"line":12,"column":72}},"3":{"start":{"line":12,"column":47},"end":{"line":12,"column":71}},"4":{"start":{"line":13,"column":12},"end":{"line":13,"column":28}},"5":{"start":{"line":18,"column":43},"end":{"line":18,"column":63}}},"fnMap":{"0":{"name":"(anonymous_0)","decl":{"start":{"line":8,"column":21},"end":{"line":8,"column":22}},"loc":{"start":{"line":8,"column":40},"end":{"line":10,"column":9}},"line":8},"1":{"name":"(anonymous_1)","decl":{"start":{"line":11,"column":24},"end":{"line":11,"column":25}},"loc":{"start":{"line":11,"column":42},"end":{"line":14,"column":9}},"line":11},"2":{"name":"(anonymous_2)","decl":{"start":{"line":12,"column":42},"end":{"line":12,"column":43}},"loc":{"start":{"line":12,"column":47},"end":{"line":12,"column":71}},"line":12}},"branchMap":{},"s":{"0":1,"1":0,"2":0,"3":0,"4":0,"5":1},"f":{"0":0,"1":0,"2":0},"b":{},"_coverageSchema":"1a1c01bbd47fc00a2c39e90264f33305004495a9","hash":"419cf8244017b5b102c1943066f57f1bab7800e2"}
,"/Users/shruthikv/Documents/NodeJs/devTiner-web/devTinder-web/src/utils/userSlice.js": {"path":"/Users/shruthikv/Documents/NodeJs/devTiner-web/devTinder-web/src/utils/userSlice.js","statementMap":{"0":{"start":{"line":3,"column":18},"end":{"line":14,"column":2}},"1":{"start":{"line":8,"column":12},"end":{"line":8,"column":33}},"2":{"start":{"line":11,"column":12},"end":{"line":11,"column":23}},"3":{"start":{"line":16,"column":37},"end":{"line":16,"column":54}}},"fnMap":{"0":{"name":"(anonymous_0)","decl":{"start":{"line":7,"column":18},"end":{"line":7,"column":19}},"loc":{"start":{"line":7,"column":34},"end":{"line":9,"column":9}},"line":7},"1":{"name":"(anonymous_1)","decl":{"start":{"line":10,"column":21},"end":{"line":10,"column":22}},"loc":{"start":{"line":10,"column":38},"end":{"line":12,"column":9}},"line":10}},"branchMap":{},"s":{"0":5,"1":0,"2":0,"3":5},"f":{"0":0,"1":0},"b":{},"_coverageSchema":"1a1c01bbd47fc00a2c39e90264f33305004495a9","hash":"04c29613065d2e4ec110d0392aeb45048b00226f"}
}
