TN:
SF:src/components/Body.jsx
FN:11,(anonymous_0)
FN:14,(anonymous_1)
FN:16,(anonymous_2)
FN:30,(anonymous_3)
FNF:4
FNH:4
FNDA:3,(anonymous_0)
FNDA:6,(anonymous_1)
FNDA:3,(anonymous_2)
FNDA:3,(anonymous_3)
DA:11,1
DA:12,3
DA:13,3
DA:14,6
DA:16,3
DA:17,3
DA:18,3
DA:19,3
DA:20,2
DA:22,2
DA:23,1
DA:25,2
DA:30,3
DA:31,3
DA:36,3
LF:15
LH:15
BRDA:17,0,0,0
BRDA:17,0,1,3
BRDA:22,1,0,1
BRDA:22,1,1,1
BRF:4
BRH:3
end_of_record
TN:
SF:src/components/Connections.jsx
FN:7,(anonymous_0)
FN:8,(anonymous_1)
FN:11,(anonymous_2)
FN:21,(anonymous_3)
FN:34,(anonymous_4)
FNF:5
FNH:5
FNDA:3,(anonymous_0)
FNDA:6,(anonymous_1)
FNDA:3,(anonymous_2)
FNDA:3,(anonymous_3)
FNDA:2,(anonymous_4)
DA:7,1
DA:8,6
DA:9,3
DA:11,3
DA:13,3
DA:14,3
DA:15,3
DA:17,0
DA:21,3
DA:22,3
DA:27,3
DA:28,2
DA:30,1
DA:35,2
DA:36,2
LF:15
LH:14
BRDA:27,0,0,1
BRDA:27,0,1,2
BRDA:28,1,0,1
BRDA:28,1,1,1
BRDA:38,2,0,1
BRDA:38,2,1,1
BRDA:42,3,0,2
BRDA:42,3,1,2
BRDA:42,3,2,2
BRF:9
BRH:9
end_of_record
TN:
SF:src/components/EditProfile.jsx
FN:8,(anonymous_0)
FN:22,(anonymous_1)
FN:31,(anonymous_2)
FN:50,(anonymous_3)
FN:54,(anonymous_4)
FN:58,(anonymous_5)
FN:62,(anonymous_6)
FN:70,(anonymous_7)
FNF:8
FNH:3
FNDA:5,(anonymous_0)
FNDA:1,(anonymous_1)
FNDA:0,(anonymous_2)
FNDA:1,(anonymous_3)
FNDA:0,(anonymous_4)
FNDA:0,(anonymous_5)
FNDA:0,(anonymous_6)
FNDA:0,(anonymous_7)
DA:8,1
DA:10,5
DA:11,5
DA:12,5
DA:13,5
DA:14,5
DA:15,5
DA:16,5
DA:17,5
DA:20,5
DA:22,5
DA:25,1
DA:26,1
DA:29,1
DA:30,1
DA:31,1
DA:32,0
DA:36,0
DA:41,5
DA:50,1
DA:54,0
DA:58,0
DA:62,0
DA:70,0
LF:24
LH:18
BRDA:36,0,0,0
BRDA:36,0,1,0
BRDA:83,1,0,5
BRDA:83,1,1,1
BRF:4
BRH:2
end_of_record
TN:
SF:src/components/Feed.jsx
FN:10,(anonymous_0)
FN:11,(anonymous_1)
FN:14,(anonymous_2)
FN:24,(anonymous_3)
FNF:4
FNH:4
FNDA:3,(anonymous_0)
FNDA:6,(anonymous_1)
FNDA:3,(anonymous_2)
FNDA:3,(anonymous_3)
DA:10,1
DA:11,6
DA:12,3
DA:14,3
DA:15,3
DA:16,1
DA:17,1
DA:18,1
DA:20,0
DA:24,3
DA:25,3
DA:28,3
DA:29,2
DA:31,1
LF:14
LH:13
BRDA:15,0,0,2
BRDA:15,0,1,1
BRDA:28,1,0,1
BRDA:28,1,1,2
BRDA:29,2,0,1
BRDA:29,2,1,1
BRDA:32,3,0,1
BRDA:32,3,1,1
BRF:8
BRH:8
end_of_record
TN:
SF:src/components/Footer.jsx
FN:1,(anonymous_0)
FNF:1
FNH:1
FNDA:4,(anonymous_0)
DA:1,2
DA:2,4
LF:2
LH:2
BRF:0
BRH:0
end_of_record
TN:
SF:src/components/NavBar.jsx
FN:10,(anonymous_0)
FN:11,(anonymous_1)
FN:15,(anonymous_2)
FNF:3
FNH:3
FNDA:4,(anonymous_0)
FNDA:8,(anonymous_1)
FNDA:1,(anonymous_2)
DA:10,2
DA:11,8
DA:12,4
DA:13,4
DA:15,4
DA:17,1
DA:18,1
DA:19,1
DA:20,1
DA:23,0
DA:31,4
LF:11
LH:10
BRDA:37,0,0,4
BRDA:37,0,1,1
BRF:2
BRH:2
end_of_record
TN:
SF:src/components/UserCard.jsx
FN:7,(anonymous_0)
FN:10,(anonymous_1)
FN:35,(anonymous_2)
FN:36,(anonymous_3)
FNF:4
FNH:1
FNDA:5,(anonymous_0)
FNDA:0,(anonymous_1)
FNDA:0,(anonymous_2)
FNDA:0,(anonymous_3)
DA:7,1
DA:8,5
DA:10,5
DA:13,0
DA:14,0
DA:15,0
DA:17,0
DA:21,5
DA:22,5
DA:35,0
DA:36,0
LF:11
LH:5
BRDA:32,0,0,5
BRDA:32,0,1,5
BRDA:32,0,2,5
BRF:3
BRH:3
end_of_record
TN:
SF:src/utils/connectionSlice.js
FN:8,(anonymous_0)
FN:11,(anonymous_1)
FNF:2
FNH:0
FNDA:0,(anonymous_0)
FNDA:0,(anonymous_1)
DA:4,1
DA:9,0
DA:12,0
DA:17,1
LF:4
LH:2
BRF:0
BRH:0
end_of_record
TN:
SF:src/utils/constants.js
FNF:0
FNH:0
DA:1,5
LF:1
LH:1
BRF:0
BRH:0
end_of_record
TN:
SF:src/utils/feedSlice.js
FN:8,(anonymous_0)
FN:11,(anonymous_1)
FN:12,(anonymous_2)
FNF:3
FNH:0
FNDA:0,(anonymous_0)
FNDA:0,(anonymous_1)
FNDA:0,(anonymous_2)
DA:4,2
DA:9,0
DA:12,0
DA:13,0
DA:18,2
LF:5
LH:2
BRF:0
BRH:0
end_of_record
TN:
SF:src/utils/userSlice.js
FN:7,(anonymous_0)
FN:10,(anonymous_1)
FNF:2
FNH:0
FNDA:0,(anonymous_0)
FNDA:0,(anonymous_1)
DA:3,3
DA:8,0
DA:11,0
DA:16,3
LF:4
LH:2
BRF:0
BRH:0
end_of_record
