TN:
SF:src/components/Body.jsx
FN:11,(anonymous_0)
FN:14,(anonymous_1)
FN:16,(anonymous_2)
FN:30,(anonymous_3)
FNF:4
FNH:4
FNDA:3,(anonymous_0)
FNDA:6,(anonymous_1)
FNDA:3,(anonymous_2)
FNDA:3,(anonymous_3)
DA:11,1
DA:12,3
DA:13,3
DA:14,6
DA:16,3
DA:17,3
DA:18,3
DA:19,3
DA:20,2
DA:22,2
DA:23,1
DA:25,2
DA:30,3
DA:31,3
DA:36,3
LF:15
LH:15
BRDA:17,0,0,0
BRDA:17,0,1,3
BRDA:22,1,0,1
BRDA:22,1,1,1
BRF:4
BRH:3
end_of_record
TN:
SF:src/components/Connections.jsx
FN:7,(anonymous_0)
FN:8,(anonymous_1)
FN:11,(anonymous_2)
FN:21,(anonymous_3)
FN:34,(anonymous_4)
FNF:5
FNH:5
FNDA:3,(anonymous_0)
FNDA:6,(anonymous_1)
FNDA:3,(anonymous_2)
FNDA:3,(anonymous_3)
FNDA:2,(anonymous_4)
DA:7,1
DA:8,6
DA:9,3
DA:11,3
DA:13,3
DA:14,3
DA:15,3
DA:17,0
DA:21,3
DA:22,3
DA:27,3
DA:28,2
DA:30,1
DA:35,2
DA:36,2
LF:15
LH:14
BRDA:27,0,0,1
BRDA:27,0,1,2
BRDA:28,1,0,1
BRDA:28,1,1,1
BRDA:38,2,0,1
BRDA:38,2,1,1
BRDA:42,3,0,2
BRDA:42,3,1,2
BRDA:42,3,2,2
BRF:9
BRH:9
end_of_record
TN:
SF:src/components/EditProfile.jsx
FN:8,(anonymous_0)
FN:22,(anonymous_1)
FN:31,(anonymous_2)
FN:50,(anonymous_3)
FN:54,(anonymous_4)
FN:58,(anonymous_5)
FN:62,(anonymous_6)
FN:70,(anonymous_7)
FNF:8
FNH:3
FNDA:8,(anonymous_0)
FNDA:2,(anonymous_1)
FNDA:0,(anonymous_2)
FNDA:1,(anonymous_3)
FNDA:0,(anonymous_4)
FNDA:0,(anonymous_5)
FNDA:0,(anonymous_6)
FNDA:0,(anonymous_7)
DA:8,2
DA:10,8
DA:11,8
DA:12,8
DA:13,8
DA:14,8
DA:15,8
DA:16,8
DA:17,8
DA:20,8
DA:22,8
DA:25,2
DA:26,2
DA:28,1
DA:29,1
DA:30,1
DA:31,1
DA:32,0
DA:36,1
DA:41,8
DA:50,1
DA:54,0
DA:58,0
DA:62,0
DA:70,0
LF:25
LH:20
BRDA:36,0,0,1
BRDA:36,0,1,0
BRDA:84,1,0,8
BRDA:84,1,1,1
BRF:4
BRH:3
end_of_record
TN:
SF:src/components/Feed.jsx
FN:10,(anonymous_0)
FN:11,(anonymous_1)
FN:14,(anonymous_2)
FN:24,(anonymous_3)
FNF:4
FNH:4
FNDA:3,(anonymous_0)
FNDA:6,(anonymous_1)
FNDA:3,(anonymous_2)
FNDA:3,(anonymous_3)
DA:10,1
DA:11,6
DA:12,3
DA:14,3
DA:15,3
DA:16,1
DA:17,1
DA:18,1
DA:20,0
DA:24,3
DA:25,3
DA:28,3
DA:29,2
DA:31,1
LF:14
LH:13
BRDA:15,0,0,2
BRDA:15,0,1,1
BRDA:28,1,0,1
BRDA:28,1,1,2
BRDA:29,2,0,1
BRDA:29,2,1,1
BRDA:32,3,0,1
BRDA:32,3,1,1
BRF:8
BRH:8
end_of_record
TN:
SF:src/components/Footer.jsx
FN:1,(anonymous_0)
FNF:1
FNH:1
FNDA:4,(anonymous_0)
DA:1,2
DA:2,4
LF:2
LH:2
BRF:0
BRH:0
end_of_record
TN:
SF:src/components/Login.jsx
FN:10,(anonymous_0)
FN:30,(anonymous_1)
FN:48,(anonymous_2)
FN:76,(anonymous_3)
FN:80,(anonymous_4)
FN:85,(anonymous_5)
FN:89,(anonymous_6)
FN:96,(anonymous_7)
FNF:8
FNH:8
FNDA:18,(anonymous_0)
FNDA:2,(anonymous_1)
FNDA:1,(anonymous_2)
FNDA:1,(anonymous_3)
FNDA:1,(anonymous_4)
FNDA:3,(anonymous_5)
FNDA:3,(anonymous_6)
FNDA:2,(anonymous_7)
DA:10,1
DA:14,18
DA:15,18
DA:16,18
DA:17,18
DA:18,18
DA:21,18
DA:24,18
DA:25,18
DA:30,18
DA:32,2
DA:33,2
DA:39,1
DA:40,1
DA:43,1
DA:48,18
DA:49,1
DA:50,1
DA:57,1
DA:58,1
DA:63,0
DA:67,18
DA:76,1
DA:80,1
DA:85,3
DA:89,3
DA:96,2
LF:27
LH:26
BRDA:43,0,0,1
BRDA:43,0,1,0
BRDA:70,1,0,11
BRDA:70,1,1,7
BRDA:72,2,0,18
BRDA:72,2,1,7
BRDA:94,3,0,11
BRDA:94,3,1,7
BRDA:94,4,0,11
BRDA:94,4,1,7
BRDA:96,5,0,7
BRDA:96,5,1,11
BRF:12
BRH:11
end_of_record
TN:
SF:src/components/NavBar.jsx
FN:10,(anonymous_0)
FN:11,(anonymous_1)
FN:15,(anonymous_2)
FNF:3
FNH:3
FNDA:4,(anonymous_0)
FNDA:8,(anonymous_1)
FNDA:1,(anonymous_2)
DA:10,2
DA:11,8
DA:12,4
DA:13,4
DA:15,4
DA:17,1
DA:18,1
DA:19,1
DA:20,1
DA:23,0
DA:31,4
LF:11
LH:10
BRDA:37,0,0,4
BRDA:37,0,1,1
BRF:2
BRH:2
end_of_record
TN:
SF:src/components/Profile.jsx
FN:4,(anonymous_0)
FN:5,(anonymous_1)
FNF:2
FNH:2
FNDA:2,(anonymous_0)
FNDA:4,(anonymous_1)
DA:4,1
DA:5,4
DA:7,2
LF:3
LH:3
BRDA:8,0,0,2
BRDA:8,0,1,1
BRF:2
BRH:2
end_of_record
TN:
SF:src/components/Request.jsx
FN:8,(anonymous_0)
FN:9,(anonymous_1)
FN:12,(anonymous_2)
FN:24,(anonymous_3)
FN:39,(anonymous_4)
FN:56,(anonymous_5)
FN:68,(anonymous_6)
FN:69,(anonymous_7)
FNF:8
FNH:8
FNDA:4,(anonymous_0)
FNDA:8,(anonymous_1)
FNDA:4,(anonymous_2)
FNDA:4,(anonymous_3)
FNDA:2,(anonymous_4)
FNDA:2,(anonymous_5)
FNDA:1,(anonymous_6)
FNDA:1,(anonymous_7)
DA:8,1
DA:9,8
DA:10,4
DA:12,4
DA:14,4
DA:15,4
DA:16,4
DA:20,0
DA:24,4
DA:25,4
DA:30,4
DA:31,3
DA:39,2
DA:41,2
DA:43,2
DA:44,2
DA:46,0
DA:52,2
DA:57,2
DA:58,2
DA:68,1
DA:69,1
LF:22
LH:20
BRDA:30,0,0,1
BRDA:30,0,1,3
BRDA:31,1,0,1
BRDA:31,1,1,2
BRDA:60,2,0,0
BRDA:60,2,1,2
BRDA:64,3,0,2
BRDA:64,3,1,2
BRDA:64,3,2,2
BRF:9
BRH:8
end_of_record
TN:
SF:src/components/UserCard.jsx
FN:7,(anonymous_0)
FN:10,(anonymous_1)
FN:35,(anonymous_2)
FN:36,(anonymous_3)
FNF:4
FNH:4
FNDA:11,(anonymous_0)
FNDA:2,(anonymous_1)
FNDA:1,(anonymous_2)
FNDA:1,(anonymous_3)
DA:7,3
DA:8,11
DA:10,11
DA:13,2
DA:14,2
DA:15,2
DA:17,0
DA:21,11
DA:22,11
DA:35,1
DA:36,1
LF:11
LH:10
BRDA:32,0,0,11
BRDA:32,0,1,10
BRDA:32,0,2,10
BRF:3
BRH:3
end_of_record
TN:
SF:src/utils/connectionSlice.js
FN:8,(anonymous_0)
FN:11,(anonymous_1)
FNF:2
FNH:0
FNDA:0,(anonymous_0)
FNDA:0,(anonymous_1)
DA:4,1
DA:9,0
DA:12,0
DA:17,1
LF:4
LH:2
BRF:0
BRH:0
end_of_record
TN:
SF:src/utils/constants.js
FNF:0
FNH:0
DA:1,9
LF:1
LH:1
BRF:0
BRH:0
end_of_record
TN:
SF:src/utils/feedSlice.js
FN:8,(anonymous_0)
FN:11,(anonymous_1)
FN:12,(anonymous_2)
FNF:3
FNH:0
FNDA:0,(anonymous_0)
FNDA:0,(anonymous_1)
FNDA:0,(anonymous_2)
DA:4,4
DA:9,0
DA:12,0
DA:13,0
DA:18,4
LF:5
LH:2
BRF:0
BRH:0
end_of_record
TN:
SF:src/utils/requestSlice.js
FN:8,(anonymous_0)
FN:11,(anonymous_1)
FN:12,(anonymous_2)
FNF:3
FNH:0
FNDA:0,(anonymous_0)
FNDA:0,(anonymous_1)
FNDA:0,(anonymous_2)
DA:4,1
DA:9,0
DA:12,0
DA:13,0
DA:18,1
LF:5
LH:2
BRF:0
BRH:0
end_of_record
TN:
SF:src/utils/userSlice.js
FN:7,(anonymous_0)
FN:10,(anonymous_1)
FNF:2
FNH:0
FNDA:0,(anonymous_0)
FNDA:0,(anonymous_1)
DA:3,5
DA:8,0
DA:11,0
DA:16,5
LF:4
LH:2
BRF:0
BRH:0
end_of_record
